<?xml version="1.0" encoding="UTF-8"?>
<testsuite name="org.barracudamvc.plankton.http.HttpConverterTest" tests="2" skipped="0" failures="0" errors="0" timestamp="2019-07-18T19:49:33" hostname="CHUCKLOWERY-68" time="0.003">
  <properties/>
  <testcase name="testHttpConverter" classname="org.barracudamvc.plankton.http.HttpConverterTest" time="0.002"/>
  <testcase name="testFlatten" classname="org.barracudamvc.plankton.http.HttpConverterTest" time="0.001"/>
  <system-out><![CDATA[]]></system-out>
  <system-err><![CDATA[]]></system-err>
</testsuite>
