<?xml version="1.0" encoding="UTF-8"?>
<testsuite name="org.barracudamvc.core.forms.parsers.LongFormTypeTest" tests="4" skipped="0" failures="0" errors="0" timestamp="2019-07-18T19:49:31" hostname="CHUCKLOWERY-68" time="0.008">
  <properties/>
  <testcase name="testWholeNumbers" classname="org.barracudamvc.core.forms.parsers.LongFormTypeTest" time="0.004"/>
  <testcase name="testTrailingZeros" classname="org.barracudamvc.core.forms.parsers.LongFormTypeTest" time="0.001"/>
  <testcase name="testInvalid" classname="org.barracudamvc.core.forms.parsers.LongFormTypeTest" time="0.002"/>
  <testcase name="testNullCases" classname="org.barracudamvc.core.forms.parsers.LongFormTypeTest" time="0.0"/>
  <system-out><![CDATA[]]></system-out>
  <system-err><![CDATA[]]></system-err>
</testsuite>
