<?xml version="1.0" encoding="UTF-8"?>
<testsuite name="org.barracudamvc.plankton.io.BetterPipedReaderTest" tests="1" skipped="0" failures="0" errors="0" timestamp="2019-07-18T19:49:33" hostname="CHUCKLOWERY-68" time="0.196">
  <properties/>
  <testcase name="testReader" classname="org.barracudamvc.plankton.io.BetterPipedReaderTest" time="0.196"/>
  <system-out><![CDATA[]]></system-out>
  <system-err><![CDATA[]]></system-err>
</testsuite>
