<?xml version="1.0" encoding="UTF-8"?>
<testsuite name="org.barracudamvc.taskdefs.GenerateSSIsTest" tests="6" skipped="0" failures="0" errors="0" timestamp="2019-07-18T19:49:33" hostname="CHUCKLOWERY-68" time="0.004">
  <properties/>
  <testcase name="givenFileContainingTwoEmptyNestedSSIs_expectSSIListenerCalls" classname="org.barracudamvc.taskdefs.GenerateSSIsTest" time="0.001"/>
  <testcase name="givenFileContainingNoSSIs_expectNoSSIListenerCalls" classname="org.barracudamvc.taskdefs.GenerateSSIsTest" time="0.001"/>
  <testcase name="givenFileContainingEmptySSI_expectSSIListenerCalls" classname="org.barracudamvc.taskdefs.GenerateSSIsTest" time="0.0"/>
  <testcase name="givenFileContainingTwoEmptySSIs_expectTwoSSSListenerStartCalls" classname="org.barracudamvc.taskdefs.GenerateSSIsTest" time="0.001"/>
  <testcase name="givenFileContainingNonEmptySSI_expectSSIListenerCallsAndContent" classname="org.barracudamvc.taskdefs.GenerateSSIsTest" time="0.0"/>
  <testcase name="givenFileContainingTwoNonEmptySSIs_expectTwoStartSSIListenerCallsAndEachSSIFileToContainContent" classname="org.barracudamvc.taskdefs.GenerateSSIsTest" time="0.001"/>
  <system-out><![CDATA[]]></system-out>
  <system-err><![CDATA[]]></system-err>
</testsuite>
