<?xml version="1.0" encoding="UTF-8"?>
<testsuite name="org.barracudamvc.plankton.data.ObjectRepositoryAssemblerTest" tests="2" skipped="0" failures="0" errors="0" timestamp="2019-07-18T19:49:32" hostname="CHUCKLOWERY-68" time="0.105">
  <properties/>
  <testcase name="given_object_reference_in_property_set_referenced_value" classname="org.barracudamvc.plankton.data.ObjectRepositoryAssemblerTest" time="0.095"/>
  <testcase name="testAssembler" classname="org.barracudamvc.plankton.data.ObjectRepositoryAssemblerTest" time="0.01"/>
  <system-out><![CDATA[]]></system-out>
  <system-err><![CDATA[]]></system-err>
</testsuite>
