<?xml version="1.0" encoding="UTF-8"?>
<testsuite name="org.barracudamvc.core.forms.validators.MinLengthValidatorTest" tests="8" skipped="0" failures="0" errors="0" timestamp="2019-07-18T19:49:32" hostname="CHUCKLOWERY-68" time="0.004">
  <properties/>
  <testcase name="testFloat" classname="org.barracudamvc.core.forms.validators.MinLengthValidatorTest" time="0.001"/>
  <testcase name="testShort" classname="org.barracudamvc.core.forms.validators.MinLengthValidatorTest" time="0.0"/>
  <testcase name="testDate" classname="org.barracudamvc.core.forms.validators.MinLengthValidatorTest" time="0.0"/>
  <testcase name="testLong" classname="org.barracudamvc.core.forms.validators.MinLengthValidatorTest" time="0.0"/>
  <testcase name="testBoolean" classname="org.barracudamvc.core.forms.validators.MinLengthValidatorTest" time="0.0"/>
  <testcase name="testDouble" classname="org.barracudamvc.core.forms.validators.MinLengthValidatorTest" time="0.001"/>
  <testcase name="testInteger" classname="org.barracudamvc.core.forms.validators.MinLengthValidatorTest" time="0.0"/>
  <testcase name="testString" classname="org.barracudamvc.core.forms.validators.MinLengthValidatorTest" time="0.001"/>
  <system-out><![CDATA[]]></system-out>
  <system-err><![CDATA[]]></system-err>
</testsuite>
