<?xml version="1.0" encoding="UTF-8"?>
<testsuite name="org.barracudamvc.core.helper.servlet.MultipartRequestWrapperTest" tests="1" skipped="0" failures="0" errors="0" timestamp="2019-07-18T19:49:32" hostname="CHUCKLOWERY-68" time="0.034">
  <properties/>
  <testcase name="testWrapper" classname="org.barracudamvc.core.helper.servlet.MultipartRequestWrapperTest" time="0.034"/>
  <system-out><![CDATA[]]></system-out>
  <system-err><![CDATA[]]></system-err>
</testsuite>
