<?xml version="1.0" encoding="UTF-8"?>
<testsuite name="org.barracudamvc.taskdefs.SSIListenerTest" tests="6" skipped="0" failures="0" errors="0" timestamp="2019-07-18T19:49:33" hostname="CHUCKLOWERY-68" time="0.036">
  <properties/>
  <testcase name="givenTwoStringsWithANewLineWritten_expectFileToContainTwoLines" classname="org.barracudamvc.taskdefs.SSIListenerTest" time="0.013"/>
  <testcase name="givenEmptyStringToWrite_expectFileToBeEmpty" classname="org.barracudamvc.taskdefs.SSIListenerTest" time="0.002"/>
  <testcase name="givenStringToWrite_expectFileToContainString" classname="org.barracudamvc.taskdefs.SSIListenerTest" time="0.004"/>
  <testcase name="givenTwoFileWrites_expectFileContentsToContainBothStringValues" classname="org.barracudamvc.taskdefs.SSIListenerTest" time="0.007"/>
  <testcase name="givenMultipleWrites_expectFileToContainAllStringValues" classname="org.barracudamvc.taskdefs.SSIListenerTest" time="0.008"/>
  <testcase name="givenDirectoryAndFileName_expectFileCreatedInDirectoryWithGivenName" classname="org.barracudamvc.taskdefs.SSIListenerTest" time="0.001"/>
  <system-out><![CDATA[]]></system-out>
  <system-err><![CDATA[]]></system-err>
</testsuite>
