<?xml version="1.0" encoding="UTF-8"?>
<testsuite name="org.barracudamvc.core.helper.servlet.DefaultServletRequestWrapperTest" tests="5" skipped="0" failures="0" errors="0" timestamp="2019-07-18T19:49:32" hostname="CHUCKLOWERY-68" time="0.01">
  <properties/>
  <testcase name="test" classname="org.barracudamvc.core.helper.servlet.DefaultServletRequestWrapperTest" time="0.002"/>
  <testcase name="test2" classname="org.barracudamvc.core.helper.servlet.DefaultServletRequestWrapperTest" time="0.006"/>
  <testcase name="testWrapper" classname="org.barracudamvc.core.helper.servlet.DefaultServletRequestWrapperTest" time="0.001"/>
  <testcase name="givenURL_expectParamMapFilled" classname="org.barracudamvc.core.helper.servlet.DefaultServletRequestWrapperTest" time="0.0"/>
  <testcase name="testMockup" classname="org.barracudamvc.core.helper.servlet.DefaultServletRequestWrapperTest" time="0.001"/>
  <system-out><![CDATA[]]></system-out>
  <system-err><![CDATA[]]></system-err>
</testsuite>
