<?xml version="1.0" encoding="UTF-8"?>
<testsuite name="org.barracudamvc.core.event.DefaultEventBrokerTest" tests="1" skipped="0" failures="0" errors="0" timestamp="2019-07-18T19:49:31" hostname="CHUCKLOWERY-68" time="0.0">
  <properties/>
  <testcase name="testListeners" classname="org.barracudamvc.core.event.DefaultEventBrokerTest" time="0.0"/>
  <system-out><![CDATA[]]></system-out>
  <system-err><![CDATA[]]></system-err>
</testsuite>
