<?xml version="1.0" encoding="UTF-8"?>
<testsuite name="org.barracudamvc.core.forms.DefaultFormMapperTest" tests="20" skipped="0" failures="0" errors="0" timestamp="2019-07-18T19:49:31" hostname="CHUCKLOWERY-68" time="0.097">
  <properties/>
  <testcase name="testStirngMultipleValues" classname="org.barracudamvc.core.forms.DefaultFormMapperTest" time="0.008"/>
  <testcase name="given_multiple_dates_null_first_expect_parsed_dates" classname="org.barracudamvc.core.forms.DefaultFormMapperTest" time="0.024"/>
  <testcase name="testIsSet" classname="org.barracudamvc.core.forms.DefaultFormMapperTest" time="0.0"/>
  <testcase name="testPassThrough" classname="org.barracudamvc.core.forms.DefaultFormMapperTest" time="0.0"/>
  <testcase name="given_file_element_parser_expect_converted_value" classname="org.barracudamvc.core.forms.DefaultFormMapperTest" time="0.009"/>
  <testcase name="given_single_valued_array_expect_single_value" classname="org.barracudamvc.core.forms.DefaultFormMapperTest" time="0.0"/>
  <testcase name="test" classname="org.barracudamvc.core.forms.DefaultFormMapperTest" time="0.002"/>
  <testcase name="testMap_GetState" classname="org.barracudamvc.core.forms.DefaultFormMapperTest" time="0.001"/>
  <testcase name="testFloatValue" classname="org.barracudamvc.core.forms.DefaultFormMapperTest" time="0.002"/>
  <testcase name="testBooleanValue" classname="org.barracudamvc.core.forms.DefaultFormMapperTest" time="0.001"/>
  <testcase name="testIntegerValue" classname="org.barracudamvc.core.forms.DefaultFormMapperTest" time="0.0"/>
  <testcase name="testBigDecimalValue" classname="org.barracudamvc.core.forms.DefaultFormMapperTest" time="0.005"/>
  <testcase name="testDateValue" classname="org.barracudamvc.core.forms.DefaultFormMapperTest" time="0.003"/>
  <testcase name="testTimeValue" classname="org.barracudamvc.core.forms.DefaultFormMapperTest" time="0.005"/>
  <testcase name="testLongValue" classname="org.barracudamvc.core.forms.DefaultFormMapperTest" time="0.001"/>
  <testcase name="testShortValue" classname="org.barracudamvc.core.forms.DefaultFormMapperTest" time="0.001"/>
  <testcase name="testDoubleValue" classname="org.barracudamvc.core.forms.DefaultFormMapperTest" time="0.0"/>
  <testcase name="testTimestampValue" classname="org.barracudamvc.core.forms.DefaultFormMapperTest" time="0.004"/>
  <testcase name="testDateValue_date" classname="org.barracudamvc.core.forms.DefaultFormMapperTest" time="0.002"/>
  <testcase name="testStringValue" classname="org.barracudamvc.core.forms.DefaultFormMapperTest" time="0.001"/>
  <system-out><![CDATA[]]></system-out>
  <system-err><![CDATA[]]></system-err>
</testsuite>
