<?xml version="1.0" encoding="UTF-8"?>
<testsuite name="org.barracudamvc.core.comp.renderer.html.HTMLLabelRendererTest" tests="6" skipped="0" failures="0" errors="0" timestamp="2019-07-18T19:49:31" hostname="CHUCKLOWERY-68" time="0.111">
  <properties/>
  <testcase name="testDefaultCreate_GivenLabelTemplateView" classname="org.barracudamvc.core.comp.renderer.html.HTMLLabelRendererTest" time="0.056"/>
  <testcase name="testRender_GivenNoNode_expectException" classname="org.barracudamvc.core.comp.renderer.html.HTMLLabelRendererTest" time="0.004"/>
  <testcase name="testRender_ReplaceInnerHTMLWithBLabel" classname="org.barracudamvc.core.comp.renderer.html.HTMLLabelRendererTest" time="0.047"/>
  <testcase name="testRender_GivenNoComponent_expectException" classname="org.barracudamvc.core.comp.renderer.html.HTMLLabelRendererTest" time="0.0"/>
  <testcase name="testRender_AppendInnerHTMLWithBLabel" classname="org.barracudamvc.core.comp.renderer.html.HTMLLabelRendererTest" time="0.0"/>
  <testcase name="testDefaultCreate_GivenNullTemplateView" classname="org.barracudamvc.core.comp.renderer.html.HTMLLabelRendererTest" time="0.0"/>
  <system-out><![CDATA[]]></system-out>
  <system-err><![CDATA[log4j:WARN No appenders could be found for logger (org.barracudamvc.core.comp.renderer.DOMComponentRenderer).
log4j:WARN Please initialize the log4j system properly.
]]></system-err>
</testsuite>
