<?xml version="1.0" encoding="UTF-8"?>
<testsuite name="org.barracudamvc.testbed.servlet.MockHttpServletRequestTest" tests="7" skipped="0" failures="0" errors="0" timestamp="2019-07-18T19:49:33" hostname="CHUCKLOWERY-68" time="0.002">
  <properties/>
  <testcase name="test_getServletPath" classname="org.barracudamvc.testbed.servlet.MockHttpServletRequestTest" time="0.0"/>
  <testcase name="test_getRequestURI" classname="org.barracudamvc.testbed.servlet.MockHttpServletRequestTest" time="0.0"/>
  <testcase name="test_getQueryString" classname="org.barracudamvc.testbed.servlet.MockHttpServletRequestTest" time="0.0"/>
  <testcase name="test_getScheme" classname="org.barracudamvc.testbed.servlet.MockHttpServletRequestTest" time="0.0"/>
  <testcase name="test_getServerName" classname="org.barracudamvc.testbed.servlet.MockHttpServletRequestTest" time="0.001"/>
  <testcase name="test_getServerPort" classname="org.barracudamvc.testbed.servlet.MockHttpServletRequestTest" time="0.0"/>
  <testcase name="test_getContextPath" classname="org.barracudamvc.testbed.servlet.MockHttpServletRequestTest" time="0.0"/>
  <system-out><![CDATA[]]></system-out>
  <system-err><![CDATA[]]></system-err>
</testsuite>
