<?xml version="1.0" encoding="UTF-8"?>
<testsuite name="org.barracudamvc.core.forms.parsers.EnumFormTypeTest" tests="2" skipped="0" failures="0" errors="0" timestamp="2019-07-18T19:49:31" hostname="CHUCKLOWERY-68" time="0.002">
  <properties/>
  <testcase name="canParseEnumValues" classname="org.barracudamvc.core.forms.parsers.EnumFormTypeTest" time="0.001"/>
  <testcase name="cannotParseNonEnumValues" classname="org.barracudamvc.core.forms.parsers.EnumFormTypeTest" time="0.0"/>
  <system-out><![CDATA[]]></system-out>
  <system-err><![CDATA[]]></system-err>
</testsuite>
