<?xml version="1.0" encoding="UTF-8"?>
<testsuite name="org.barracudamvc.plankton.io.parser.json.parser.ParserTest" tests="3" skipped="0" failures="0" errors="0" timestamp="2019-07-18T19:49:33" hostname="CHUCKLOWERY-68" time="0.003">
  <properties/>
  <testcase name="testArrayFirst" classname="org.barracudamvc.plankton.io.parser.json.parser.ParserTest" time="0.0"/>
  <testcase name="testExample1" classname="org.barracudamvc.plankton.io.parser.json.parser.ParserTest" time="0.002"/>
  <testcase name="testBuild" classname="org.barracudamvc.plankton.io.parser.json.parser.ParserTest" time="0.001"/>
  <system-out><![CDATA[]]></system-out>
  <system-err><![CDATA[]]></system-err>
</testsuite>
