<?xml version="1.0" encoding="UTF-8"?>
<testsuite name="org.barracudamvc.core.forms.parsers.ShortFormTypeTest" tests="5" skipped="0" failures="0" errors="0" timestamp="2019-07-18T19:49:31" hostname="CHUCKLOWERY-68" time="0.005">
  <properties/>
  <testcase name="testMaxMin" classname="org.barracudamvc.core.forms.parsers.ShortFormTypeTest" time="0.0"/>
  <testcase name="testWholeNumbers" classname="org.barracudamvc.core.forms.parsers.ShortFormTypeTest" time="0.003"/>
  <testcase name="testTrailingZeros" classname="org.barracudamvc.core.forms.parsers.ShortFormTypeTest" time="0.0"/>
  <testcase name="testInvalid" classname="org.barracudamvc.core.forms.parsers.ShortFormTypeTest" time="0.001"/>
  <testcase name="testNullCases" classname="org.barracudamvc.core.forms.parsers.ShortFormTypeTest" time="0.0"/>
  <system-out><![CDATA[]]></system-out>
  <system-err><![CDATA[]]></system-err>
</testsuite>
