<?xml version="1.0" encoding="UTF-8"?>
<testsuite name="org.barracudamvc.plankton.io.parser.json.lexer.LexerStreamTest" tests="9" skipped="0" failures="0" errors="0" timestamp="2019-07-18T19:49:33" hostname="CHUCKLOWERY-68" time="0.003">
  <properties/>
  <testcase name="givenNateralNumber_expectNumber" classname="org.barracudamvc.plankton.io.parser.json.lexer.LexerStreamTest" time="0.001"/>
  <testcase name="givenWord_expectString" classname="org.barracudamvc.plankton.io.parser.json.lexer.LexerStreamTest" time="0.0"/>
  <testcase name="givenRealNumber_expectNumber" classname="org.barracudamvc.plankton.io.parser.json.lexer.LexerStreamTest" time="0.0"/>
  <testcase name="givenEmptyStream_expectEOS" classname="org.barracudamvc.plankton.io.parser.json.lexer.LexerStreamTest" time="0.0"/>
  <testcase name="givenEmptStringWithSpaces_expectEOS" classname="org.barracudamvc.plankton.io.parser.json.lexer.LexerStreamTest" time="0.0"/>
  <testcase name="givenPunctuation_expectPunuationTokens" classname="org.barracudamvc.plankton.io.parser.json.lexer.LexerStreamTest" time="0.0"/>
  <testcase name="givenCommonValueTypes_expectProperValue" classname="org.barracudamvc.plankton.io.parser.json.lexer.LexerStreamTest" time="0.0"/>
  <testcase name="givenWordWithEscapedCharacters_expectStringWithValueCharacters" classname="org.barracudamvc.plankton.io.parser.json.lexer.LexerStreamTest" time="0.001"/>
  <testcase name="givenNateralNumberZero_expectNumber" classname="org.barracudamvc.plankton.io.parser.json.lexer.LexerStreamTest" time="0.0"/>
  <system-out><![CDATA[]]></system-out>
  <system-err><![CDATA[]]></system-err>
</testsuite>
