<?xml version="1.0" encoding="UTF-8"?>
<testsuite name="org.barracudamvc.core.forms.parsers.TimestampFormTypeTest" tests="6" skipped="0" failures="0" errors="0" timestamp="2019-07-18T19:49:31" hostname="CHUCKLOWERY-68" time="0.029">
  <properties/>
  <testcase name="testValid_short" classname="org.barracudamvc.core.forms.parsers.TimestampFormTypeTest" time="0.006"/>
  <testcase name="testValid_shortWithSpaces" classname="org.barracudamvc.core.forms.parsers.TimestampFormTypeTest" time="0.001"/>
  <testcase name="testValid_SqlDate" classname="org.barracudamvc.core.forms.parsers.TimestampFormTypeTest" time="0.001"/>
  <testcase name="testValid_full" classname="org.barracudamvc.core.forms.parsers.TimestampFormTypeTest" time="0.002"/>
  <testcase name="testValid_long" classname="org.barracudamvc.core.forms.parsers.TimestampFormTypeTest" time="0.006"/>
  <testcase name="testValid_medium" classname="org.barracudamvc.core.forms.parsers.TimestampFormTypeTest" time="0.012"/>
  <system-out><![CDATA[]]></system-out>
  <system-err><![CDATA[]]></system-err>
</testsuite>
