<?xml version="1.0" encoding="UTF-8"?>
<testsuite name="org.barracudamvc.core.forms.parsers.DateFormTypeTest" tests="9" skipped="0" failures="0" errors="0" timestamp="2019-07-18T19:49:31" hostname="CHUCKLOWERY-68" time="0.039">
  <properties/>
  <testcase name="testValid_short" classname="org.barracudamvc.core.forms.parsers.DateFormTypeTest" time="0.002"/>
  <testcase name="testValid_SqlDate" classname="org.barracudamvc.core.forms.parsers.DateFormTypeTest" time="0.003"/>
  <testcase name="testValid_YYYY_MM_DD" classname="org.barracudamvc.core.forms.parsers.DateFormTypeTest" time="0.002"/>
  <testcase name="testValid_short_withSpaces" classname="org.barracudamvc.core.forms.parsers.DateFormTypeTest" time="0.004"/>
  <testcase name="testValid_full" classname="org.barracudamvc.core.forms.parsers.DateFormTypeTest" time="0.003"/>
  <testcase name="testValid_long" classname="org.barracudamvc.core.forms.parsers.DateFormTypeTest" time="0.007"/>
  <testcase name="testValid_medium" classname="org.barracudamvc.core.forms.parsers.DateFormTypeTest" time="0.005"/>
  <testcase name="testInvalid" classname="org.barracudamvc.core.forms.parsers.DateFormTypeTest" time="0.01"/>
  <testcase name="testValid_degenerate" classname="org.barracudamvc.core.forms.parsers.DateFormTypeTest" time="0.001"/>
  <system-out><![CDATA[]]></system-out>
  <system-err><![CDATA[]]></system-err>
</testsuite>
